build/app/intermediates/manifest_merge_blame_file/debug/manifest-merger-blame-debug-report.txt
1<?xml version="1.0" encoding="utf-8"?>
2<manifest xmlns:android="http://schemas.android.com/apk/res/android"
3    package="com.example.yibe_final_ui"
4    android:versionCode="1"
5    android:versionName="1.0.0" >
6
7    <uses-sdk
8        android:minSdkVersion="16"
9        android:targetSdkVersion="29" />
10    <!--
11         Flutter needs it to communicate with the running application
12         to allow setting breakpoints, to provide hot reload, etc.
13    -->
14    <uses-permission android:name="android.permission.INTERNET" />
14-->src\main\AndroidManifest.xml:8:5-66
14-->src\main\AndroidManifest.xml:8:22-64
15    <uses-permission android:name="android.permission.WRITE_EXTERNAL_STORAGE" />
15-->src\main\AndroidManifest.xml:9:5-81
15-->src\main\AndroidManifest.xml:9:22-78
16    <uses-permission android:name="android.permission.READ_EXTERNAL_STORAGE" />
16-->src\main\AndroidManifest.xml:10:5-80
16-->src\main\AndroidManifest.xml:10:22-77
17    <uses-permission android:name="android.permission.CAMERA" />
17-->[:flutter_qr_bar_scanner] AndroidManifest.xml:7:5-65
17-->[:flutter_qr_bar_scanner] AndroidManifest.xml:7:22-62
18
19    <uses-feature
19-->[:flutter_qr_bar_scanner] AndroidManifest.xml:9:5-11:35
20        android:name="android.hardware.camera.autofocus"
20-->[:flutter_qr_bar_scanner] AndroidManifest.xml:10:9-57
21        android:required="true" />
21-->[:flutter_qr_bar_scanner] AndroidManifest.xml:11:9-32
22
23    <uses-permission android:name="android.permission.ACCESS_NETWORK_STATE" />
23-->[:firebase_analytics] AndroidManifest.xml:7:5-79
23-->[:firebase_analytics] AndroidManifest.xml:7:22-76
24    <uses-permission android:name="android.permission.WAKE_LOCK" />
24-->[:firebase_analytics] AndroidManifest.xml:9:5-68
24-->[:firebase_analytics] AndroidManifest.xml:9:22-65
25    <uses-permission android:name="com.google.android.finsky.permission.BIND_GET_INSTALL_REFERRER_SERVICE" />
25-->[com.google.android.gms:play-services-measurement:18.0.0] AndroidManifest.xml:26:5-110
25-->[com.google.android.gms:play-services-measurement:18.0.0] AndroidManifest.xml:26:22-107
26
27    <application
27-->src\main\AndroidManifest.xml:11:5-50:19
28        android:name="io.flutter.app.FlutterApplication"
28-->src\main\AndroidManifest.xml:12:9-57
29        android:appComponentFactory="androidx.core.app.CoreComponentFactory"
29-->[androidx.core:core:1.1.0] AndroidManifest.xml:24:18-86
30        android:debuggable="true"
31        android:icon="@mipmap/ic_launcher"
31-->src\main\AndroidManifest.xml:15:9-43
32        android:label="Yibe"
32-->src\main\AndroidManifest.xml:13:9-29
33        android:requestLegacyExternalStorage="true" >
33-->src\main\AndroidManifest.xml:14:9-52
34        <activity
34-->src\main\AndroidManifest.xml:16:9-44:20
35            android:name="com.example.yibe_final_ui.MainActivity"
35-->src\main\AndroidManifest.xml:17:13-41
36            android:configChanges="orientation|keyboardHidden|keyboard|screenSize|smallestScreenSize|locale|layoutDirection|fontScale|screenLayout|density|uiMode"
36-->src\main\AndroidManifest.xml:20:13-163
37            android:hardwareAccelerated="true"
37-->src\main\AndroidManifest.xml:21:13-47
38            android:launchMode="singleTop"
38-->src\main\AndroidManifest.xml:18:13-43
39            android:theme="@style/LaunchTheme"
39-->src\main\AndroidManifest.xml:19:13-47
40            android:windowSoftInputMode="adjustResize" >
40-->src\main\AndroidManifest.xml:22:13-55
41
42            <!--
43                 Specifies an Android theme to apply to this Activity as soon as
44                 the Android process has started. This theme is visible to the user
45                 while the Flutter UI initializes. After that, this theme continues
46                 to determine the Window background behind the Flutter UI.
47            -->
48            <meta-data
48-->src\main\AndroidManifest.xml:27:13-30:17
49                android:name="io.flutter.embedding.android.NormalTheme"
49-->src\main\AndroidManifest.xml:28:15-70
50                android:resource="@style/NormalTheme" />
50-->src\main\AndroidManifest.xml:29:15-52
51            <!--
52                 Displays an Android View that continues showing the launch screen
53                 Drawable until Flutter paints its first frame, then this splash
54                 screen fades out. A splash screen is useful to avoid any visual
55                 gap between the end of Android's launch screen and the painting of
56                 Flutter's first frame.
57            -->
58            <meta-data
58-->src\main\AndroidManifest.xml:36:13-39:17
59                android:name="io.flutter.embedding.android.SplashScreenDrawable"
59-->src\main\AndroidManifest.xml:37:15-79
60                android:resource="@drawable/launch_background" />
60-->src\main\AndroidManifest.xml:38:15-61
61
62            <intent-filter>
62-->src\main\AndroidManifest.xml:40:13-43:29
63                <action android:name="android.intent.action.MAIN" />
63-->src\main\AndroidManifest.xml:41:17-68
63-->src\main\AndroidManifest.xml:41:25-66
64
65                <category android:name="android.intent.category.LAUNCHER" />
65-->src\main\AndroidManifest.xml:42:17-76
65-->src\main\AndroidManifest.xml:42:27-74
66            </intent-filter>
67        </activity>
68        <!--
69             Don't delete the meta-data below.
70             This is used by the Flutter tool to generate GeneratedPluginRegistrant.java
71        -->
72        <meta-data
72-->src\main\AndroidManifest.xml:47:9-49:33
73            android:name="flutterEmbedding"
73-->src\main\AndroidManifest.xml:48:13-44
74            android:value="2" />
74-->src\main\AndroidManifest.xml:49:13-30
75
76        <service
76-->[:firebase_dynamic_links] AndroidManifest.xml:10:9-14:19
77            android:name="com.google.firebase.components.ComponentDiscoveryService"
77-->[:firebase_dynamic_links] AndroidManifest.xml:10:18-89
78            android:directBootAware="true"
78-->[com.google.firebase:firebase-common:19.4.0] AndroidManifest.xml:35:13-43
79            android:exported="false" >
79-->[com.google.firebase:firebase-auth:20.0.1] AndroidManifest.xml:76:13-37
80            <meta-data
80-->[:firebase_dynamic_links] AndroidManifest.xml:11:13-13:85
81                android:name="com.google.firebase.components:io.flutter.plugins.firebasedynamiclinks.FlutterFirebaseAppRegistrar"
81-->[:firebase_dynamic_links] AndroidManifest.xml:12:17-130
82                android:value="com.google.firebase.components.ComponentRegistrar" />
82-->[:firebase_dynamic_links] AndroidManifest.xml:13:17-82
83            <meta-data
83-->[:firebase_analytics] AndroidManifest.xml:13:13-15:85
84                android:name="com.google.firebase.components:io.flutter.plugins.firebaseanalytics.FlutterFirebaseAppRegistrar"
84-->[:firebase_analytics] AndroidManifest.xml:14:17-127
85                android:value="com.google.firebase.components.ComponentRegistrar" />
85-->[:firebase_analytics] AndroidManifest.xml:15:17-82
86            <meta-data
86-->[:cloud_firestore] AndroidManifest.xml:9:13-11:85
87                android:name="com.google.firebase.components:io.flutter.plugins.firebase.firestore.FlutterFirebaseFirestoreRegistrar"
87-->[:cloud_firestore] AndroidManifest.xml:10:17-134
88                android:value="com.google.firebase.components.ComponentRegistrar" />
88-->[:cloud_firestore] AndroidManifest.xml:11:17-82
89            <meta-data
89-->[:firebase_auth] AndroidManifest.xml:9:13-11:85
90                android:name="com.google.firebase.components:io.flutter.plugins.firebase.auth.FlutterFirebaseAuthRegistrar"
90-->[:firebase_auth] AndroidManifest.xml:10:17-124
91                android:value="com.google.firebase.components.ComponentRegistrar" />
91-->[:firebase_auth] AndroidManifest.xml:11:17-82
92            <meta-data
92-->[:firebase_core] AndroidManifest.xml:9:13-11:85
93                android:name="com.google.firebase.components:io.flutter.plugins.firebase.core.FlutterFirebaseCoreRegistrar"
93-->[:firebase_core] AndroidManifest.xml:10:17-124
94                android:value="com.google.firebase.components.ComponentRegistrar" />
94-->[:firebase_core] AndroidManifest.xml:11:17-82
95            <meta-data
95-->[com.google.firebase:firebase-auth:20.0.1] AndroidManifest.xml:77:13-79:85
96                android:name="com.google.firebase.components:com.google.firebase.auth.FirebaseAuthRegistrar"
96-->[com.google.firebase:firebase-auth:20.0.1] AndroidManifest.xml:78:17-109
97                android:value="com.google.firebase.components.ComponentRegistrar" />
97-->[com.google.firebase:firebase-auth:20.0.1] AndroidManifest.xml:79:17-82
98            <meta-data
98-->[com.google.firebase:firebase-dynamic-links:19.1.1] AndroidManifest.xml:11:13-13:85
99                android:name="com.google.firebase.components:com.google.firebase.dynamiclinks.internal.FirebaseDynamicLinkRegistrar"
99-->[com.google.firebase:firebase-dynamic-links:19.1.1] AndroidManifest.xml:12:17-133
100                android:value="com.google.firebase.components.ComponentRegistrar" />
100-->[com.google.firebase:firebase-dynamic-links:19.1.1] AndroidManifest.xml:13:17-82
101            <meta-data
101-->[com.google.firebase:firebase-firestore:22.0.0] AndroidManifest.xml:20:13-22:85
102                android:name="com.google.firebase.components:com.google.firebase.firestore.FirestoreRegistrar"
102-->[com.google.firebase:firebase-firestore:22.0.0] AndroidManifest.xml:21:17-111
103                android:value="com.google.firebase.components.ComponentRegistrar" />
103-->[com.google.firebase:firebase-firestore:22.0.0] AndroidManifest.xml:22:17-82
104            <meta-data
104-->[com.google.android.gms:play-services-measurement-api:18.0.0] AndroidManifest.xml:30:13-32:85
105                android:name="com.google.firebase.components:com.google.firebase.analytics.connector.internal.AnalyticsConnectorRegistrar"
105-->[com.google.android.gms:play-services-measurement-api:18.0.0] AndroidManifest.xml:31:17-139
106                android:value="com.google.firebase.components.ComponentRegistrar" />
106-->[com.google.android.gms:play-services-measurement-api:18.0.0] AndroidManifest.xml:32:17-82
107            <meta-data
107-->[com.google.firebase:firebase-installations:16.3.4] AndroidManifest.xml:18:13-20:85
108                android:name="com.google.firebase.components:com.google.firebase.installations.FirebaseInstallationsRegistrar"
108-->[com.google.firebase:firebase-installations:16.3.4] AndroidManifest.xml:19:17-127
109                android:value="com.google.firebase.components.ComponentRegistrar" />
109-->[com.google.firebase:firebase-installations:16.3.4] AndroidManifest.xml:20:17-82
110        </service>
111
112        <meta-data
112-->[:flutter_qr_bar_scanner] AndroidManifest.xml:14:9-16:39
113            android:name="com.google.android.gms.vision.DEPENDENCIES"
113-->[:flutter_qr_bar_scanner] AndroidManifest.xml:15:13-70
114            android:value="barcode" />
114-->[:flutter_qr_bar_scanner] AndroidManifest.xml:16:13-36
115
116        <activity
116-->[com.google.firebase:firebase-auth:20.0.1] AndroidManifest.xml:27:9-44:20
117            android:name="com.google.firebase.auth.internal.GenericIdpActivity"
117-->[com.google.firebase:firebase-auth:20.0.1] AndroidManifest.xml:28:13-80
118            android:excludeFromRecents="true"
118-->[com.google.firebase:firebase-auth:20.0.1] AndroidManifest.xml:29:13-46
119            android:exported="true"
119-->[com.google.firebase:firebase-auth:20.0.1] AndroidManifest.xml:30:13-36
120            android:launchMode="singleTask"
120-->[com.google.firebase:firebase-auth:20.0.1] AndroidManifest.xml:31:13-44
121            android:theme="@android:style/Theme.Translucent.NoTitleBar" >
121-->[com.google.firebase:firebase-auth:20.0.1] AndroidManifest.xml:32:13-72
122            <intent-filter>
122-->[com.google.firebase:firebase-auth:20.0.1] AndroidManifest.xml:33:13-43:29
123                <action android:name="android.intent.action.VIEW" />
123-->[com.google.firebase:firebase-auth:20.0.1] AndroidManifest.xml:34:17-69
123-->[com.google.firebase:firebase-auth:20.0.1] AndroidManifest.xml:34:25-66
124
125                <category android:name="android.intent.category.DEFAULT" />
125-->[com.google.firebase:firebase-auth:20.0.1] AndroidManifest.xml:36:17-76
125-->[com.google.firebase:firebase-auth:20.0.1] AndroidManifest.xml:36:27-73
126                <category android:name="android.intent.category.BROWSABLE" />
126-->[com.google.firebase:firebase-auth:20.0.1] AndroidManifest.xml:37:17-78
126-->[com.google.firebase:firebase-auth:20.0.1] AndroidManifest.xml:37:27-75
127
128                <data
128-->[com.google.firebase:firebase-auth:20.0.1] AndroidManifest.xml:39:17-42:51
129                    android:host="firebase.auth"
129-->[com.google.firebase:firebase-auth:20.0.1] AndroidManifest.xml:40:21-49
130                    android:path="/"
130-->[com.google.firebase:firebase-auth:20.0.1] AndroidManifest.xml:41:21-37
131                    android:scheme="genericidp" />
131-->[com.google.firebase:firebase-auth:20.0.1] AndroidManifest.xml:42:21-48
132            </intent-filter>
133        </activity>
134        <activity
134-->[com.google.firebase:firebase-auth:20.0.1] AndroidManifest.xml:45:9-62:20
135            android:name="com.google.firebase.auth.internal.RecaptchaActivity"
135-->[com.google.firebase:firebase-auth:20.0.1] AndroidManifest.xml:46:13-79
136            android:excludeFromRecents="true"
136-->[com.google.firebase:firebase-auth:20.0.1] AndroidManifest.xml:47:13-46
137            android:exported="true"
137-->[com.google.firebase:firebase-auth:20.0.1] AndroidManifest.xml:48:13-36
138            android:launchMode="singleTask"
138-->[com.google.firebase:firebase-auth:20.0.1] AndroidManifest.xml:49:13-44
139            android:theme="@android:style/Theme.Translucent.NoTitleBar" >
139-->[com.google.firebase:firebase-auth:20.0.1] AndroidManifest.xml:50:13-72
140            <intent-filter>
140-->[com.google.firebase:firebase-auth:20.0.1] AndroidManifest.xml:51:13-61:29
141                <action android:name="android.intent.action.VIEW" />
141-->[com.google.firebase:firebase-auth:20.0.1] AndroidManifest.xml:34:17-69
141-->[com.google.firebase:firebase-auth:20.0.1] AndroidManifest.xml:34:25-66
142
143                <category android:name="android.intent.category.DEFAULT" />
143-->[com.google.firebase:firebase-auth:20.0.1] AndroidManifest.xml:36:17-76
143-->[com.google.firebase:firebase-auth:20.0.1] AndroidManifest.xml:36:27-73
144                <category android:name="android.intent.category.BROWSABLE" />
144-->[com.google.firebase:firebase-auth:20.0.1] AndroidManifest.xml:37:17-78
144-->[com.google.firebase:firebase-auth:20.0.1] AndroidManifest.xml:37:27-75
145
146                <data
146-->[com.google.firebase:firebase-auth:20.0.1] AndroidManifest.xml:39:17-42:51
147                    android:host="firebase.auth"
147-->[com.google.firebase:firebase-auth:20.0.1] AndroidManifest.xml:40:21-49
148                    android:path="/"
148-->[com.google.firebase:firebase-auth:20.0.1] AndroidManifest.xml:41:21-37
149                    android:scheme="recaptcha" />
149-->[com.google.firebase:firebase-auth:20.0.1] AndroidManifest.xml:42:21-48
150            </intent-filter>
151        </activity>
152
153        <service
153-->[com.google.firebase:firebase-auth:20.0.1] AndroidManifest.xml:64:9-73:19
154            android:name="com.google.firebase.auth.api.fallback.service.FirebaseAuthFallbackService"
154-->[com.google.firebase:firebase-auth:20.0.1] AndroidManifest.xml:65:13-101
155            android:enabled="true"
155-->[com.google.firebase:firebase-auth:20.0.1] AndroidManifest.xml:66:13-35
156            android:exported="false" >
156-->[com.google.firebase:firebase-auth:20.0.1] AndroidManifest.xml:67:13-37
157            <intent-filter>
157-->[com.google.firebase:firebase-auth:20.0.1] AndroidManifest.xml:68:13-72:29
158                <action android:name="com.google.firebase.auth.api.gms.service.START" />
158-->[com.google.firebase:firebase-auth:20.0.1] AndroidManifest.xml:69:17-89
158-->[com.google.firebase:firebase-auth:20.0.1] AndroidManifest.xml:69:25-86
159
160                <category android:name="android.intent.category.DEFAULT" />
160-->[com.google.firebase:firebase-auth:20.0.1] AndroidManifest.xml:36:17-76
160-->[com.google.firebase:firebase-auth:20.0.1] AndroidManifest.xml:36:27-73
161            </intent-filter>
162        </service>
163
164        <activity
164-->[com.google.android.gms:play-services-base:17.1.0] AndroidManifest.xml:23:9-26:75
165            android:name="com.google.android.gms.common.api.GoogleApiActivity"
165-->[com.google.android.gms:play-services-base:17.1.0] AndroidManifest.xml:24:13-79
166            android:exported="false"
166-->[com.google.android.gms:play-services-base:17.1.0] AndroidManifest.xml:25:13-37
167            android:theme="@android:style/Theme.Translucent.NoTitleBar" />
167-->[com.google.android.gms:play-services-base:17.1.0] AndroidManifest.xml:26:13-72
168
169        <receiver
169-->[com.google.android.gms:play-services-measurement:18.0.0] AndroidManifest.xml:29:9-33:20
170            android:name="com.google.android.gms.measurement.AppMeasurementReceiver"
170-->[com.google.android.gms:play-services-measurement:18.0.0] AndroidManifest.xml:30:13-85
171            android:enabled="true"
171-->[com.google.android.gms:play-services-measurement:18.0.0] AndroidManifest.xml:31:13-35
172            android:exported="false" >
172-->[com.google.android.gms:play-services-measurement:18.0.0] AndroidManifest.xml:32:13-37
173        </receiver>
174
175        <service
175-->[com.google.android.gms:play-services-measurement:18.0.0] AndroidManifest.xml:35:9-38:40
176            android:name="com.google.android.gms.measurement.AppMeasurementService"
176-->[com.google.android.gms:play-services-measurement:18.0.0] AndroidManifest.xml:36:13-84
177            android:enabled="true"
177-->[com.google.android.gms:play-services-measurement:18.0.0] AndroidManifest.xml:37:13-35
178            android:exported="false" />
178-->[com.google.android.gms:play-services-measurement:18.0.0] AndroidManifest.xml:38:13-37
179        <service
179-->[com.google.android.gms:play-services-measurement:18.0.0] AndroidManifest.xml:39:9-43:72
180            android:name="com.google.android.gms.measurement.AppMeasurementJobService"
180-->[com.google.android.gms:play-services-measurement:18.0.0] AndroidManifest.xml:40:13-87
181            android:enabled="true"
181-->[com.google.android.gms:play-services-measurement:18.0.0] AndroidManifest.xml:41:13-35
182            android:exported="false"
182-->[com.google.android.gms:play-services-measurement:18.0.0] AndroidManifest.xml:42:13-37
183            android:permission="android.permission.BIND_JOB_SERVICE" />
183-->[com.google.android.gms:play-services-measurement:18.0.0] AndroidManifest.xml:43:13-69
184
185        <provider
185-->[com.google.firebase:firebase-common:19.4.0] AndroidManifest.xml:26:9-31:39
186            android:name="com.google.firebase.provider.FirebaseInitProvider"
186-->[com.google.firebase:firebase-common:19.4.0] AndroidManifest.xml:27:13-77
187            android:authorities="com.example.yibe_final_ui.firebaseinitprovider"
187-->[com.google.firebase:firebase-common:19.4.0] AndroidManifest.xml:28:13-72
188            android:directBootAware="true"
188-->[com.google.firebase:firebase-common:19.4.0] AndroidManifest.xml:29:13-43
189            android:exported="false"
189-->[com.google.firebase:firebase-common:19.4.0] AndroidManifest.xml:30:13-37
190            android:initOrder="100" />
190-->[com.google.firebase:firebase-common:19.4.0] AndroidManifest.xml:31:13-36
191
192        <meta-data
192-->[com.google.android.gms:play-services-basement:17.1.0] AndroidManifest.xml:23:9-25:69
193            android:name="com.google.android.gms.version"
193-->[com.google.android.gms:play-services-basement:17.1.0] AndroidManifest.xml:24:13-58
194            android:value="@integer/google_play_services_version" />
194-->[com.google.android.gms:play-services-basement:17.1.0] AndroidManifest.xml:25:13-66
195    </application>
196
197</manifest>